<?xml version="1.0" encoding="UTF-8"?>
<testng-results ignored="0" total="12" passed="11" failed="1" skipped="0">
  <reporter-output>
  </reporter-output>
  <suite started-at="2021-01-19T23:39:59 GMT-05:00" name="Free CRM Practice Test Suite" finished-at="2021-01-19T23:43:20 GMT-05:00" duration-ms="200325">
    <groups>
    </groups>
    <test started-at="2021-01-19T23:39:59 GMT-05:00" name="Test" finished-at="2021-01-19T23:43:20 GMT-05:00" duration-ms="200325">
      <class name="com.crm.qa.testcases.HomePageTest">
        <test-method is-config="true" signature="setUp()[pri:0, instance:com.crm.qa.testcases.HomePageTest@514646ef]" started-at="2021-01-19T23:42:35 GMT-05:00" name="setUp" finished-at="2021-01-19T23:42:46 GMT-05:00" duration-ms="11234" status="PASS">
          <reporter-output>
          </reporter-output>
        </test-method> <!-- setUp -->
        <test-method signature="homePageTitleTest()[pri:1, instance:com.crm.qa.testcases.HomePageTest@514646ef]" started-at="2021-01-19T23:42:46 GMT-05:00" name="homePageTitleTest" finished-at="2021-01-19T23:42:46 GMT-05:00" duration-ms="21" status="FAIL">
          <exception class="java.lang.AssertionError">
            <message>
              <![CDATA[home page title not match expected [CRMPRO] but found [CRMPRO - CRM software for customer relationship management, sales, and support.]]]>
            </message>
            <full-stacktrace>
              <![CDATA[java.lang.AssertionError: home page title not match expected [CRMPRO] but found [CRMPRO - CRM software for customer relationship management, sales, and support.]
at org.testng.Assert.fail(Assert.java:99)
at org.testng.Assert.failNotEquals(Assert.java:1037)
at org.testng.Assert.assertEqualsImpl(Assert.java:140)
at org.testng.Assert.assertEquals(Assert.java:122)
at org.testng.Assert.assertEquals(Assert.java:629)
at com.crm.qa.testcases.HomePageTest.homePageTitleTest(HomePageTest.java:42)
at java.base/jdk.internal.reflect.NativeMethodAccessorImpl.invoke0(Native Method)
at java.base/jdk.internal.reflect.NativeMethodAccessorImpl.invoke(NativeMethodAccessorImpl.java:62)
at java.base/jdk.internal.reflect.DelegatingMethodAccessorImpl.invoke(DelegatingMethodAccessorImpl.java:43)
at java.base/java.lang.reflect.Method.invoke(Method.java:564)
at org.testng.internal.MethodInvocationHelper.invokeMethod(MethodInvocationHelper.java:132)
at org.testng.internal.TestInvoker.invokeMethod(TestInvoker.java:599)
at org.testng.internal.TestInvoker.invokeTestMethod(TestInvoker.java:174)
at org.testng.internal.MethodRunner.runInSequence(MethodRunner.java:46)
at org.testng.internal.TestInvoker$MethodInvocationAgent.invoke(TestInvoker.java:822)
at org.testng.internal.TestInvoker.invokeTestMethods(TestInvoker.java:147)
at org.testng.internal.TestMethodWorker.invokeTestMethods(TestMethodWorker.java:146)
at org.testng.internal.TestMethodWorker.run(TestMethodWorker.java:128)
at java.base/java.util.ArrayList.forEach(ArrayList.java:1510)
at org.testng.TestRunner.privateRun(TestRunner.java:764)
at org.testng.TestRunner.run(TestRunner.java:585)
at org.testng.SuiteRunner.runTest(SuiteRunner.java:384)
at org.testng.SuiteRunner.runSequentially(SuiteRunner.java:378)
at org.testng.SuiteRunner.privateRun(SuiteRunner.java:337)
at org.testng.SuiteRunner.run(SuiteRunner.java:286)
at org.testng.SuiteRunnerWorker.runSuite(SuiteRunnerWorker.java:53)
at org.testng.SuiteRunnerWorker.run(SuiteRunnerWorker.java:96)
at org.testng.TestNG.runSuitesSequentially(TestNG.java:1218)
at org.testng.TestNG.runSuitesLocally(TestNG.java:1140)
at org.testng.TestNG.runSuites(TestNG.java:1069)
at org.testng.TestNG.run(TestNG.java:1037)
at org.testng.remote.AbstractRemoteTestNG.run(AbstractRemoteTestNG.java:115)
at org.testng.remote.RemoteTestNG.initAndRun(RemoteTestNG.java:251)
at org.testng.remote.RemoteTestNG.main(RemoteTestNG.java:77)
]]>
            </full-stacktrace>
          </exception> <!-- java.lang.AssertionError -->
          <reporter-output>
          </reporter-output>
        </test-method> <!-- homePageTitleTest -->
        <test-method is-config="true" signature="tearDown()[pri:0, instance:com.crm.qa.testcases.HomePageTest@514646ef]" started-at="2021-01-19T23:42:46 GMT-05:00" name="tearDown" finished-at="2021-01-19T23:42:48 GMT-05:00" duration-ms="2413" status="PASS">
          <reporter-output>
          </reporter-output>
        </test-method> <!-- tearDown -->
        <test-method is-config="true" signature="setUp()[pri:0, instance:com.crm.qa.testcases.HomePageTest@514646ef]" started-at="2021-01-19T23:42:48 GMT-05:00" name="setUp" finished-at="2021-01-19T23:42:58 GMT-05:00" duration-ms="9485" status="PASS">
          <reporter-output>
          </reporter-output>
        </test-method> <!-- setUp -->
        <test-method signature="verifyUserNameTest()[pri:2, instance:com.crm.qa.testcases.HomePageTest@514646ef]" started-at="2021-01-19T23:42:58 GMT-05:00" name="verifyUserNameTest" finished-at="2021-01-19T23:43:01 GMT-05:00" duration-ms="2752" status="PASS">
          <reporter-output>
          </reporter-output>
        </test-method> <!-- verifyUserNameTest -->
        <test-method is-config="true" signature="tearDown()[pri:0, instance:com.crm.qa.testcases.HomePageTest@514646ef]" started-at="2021-01-19T23:43:01 GMT-05:00" name="tearDown" finished-at="2021-01-19T23:43:04 GMT-05:00" duration-ms="3022" status="PASS">
          <reporter-output>
          </reporter-output>
        </test-method> <!-- tearDown -->
        <test-method is-config="true" signature="setUp()[pri:0, instance:com.crm.qa.testcases.HomePageTest@514646ef]" started-at="2021-01-19T23:43:04 GMT-05:00" name="setUp" finished-at="2021-01-19T23:43:14 GMT-05:00" duration-ms="10125" status="PASS">
          <reporter-output>
          </reporter-output>
        </test-method> <!-- setUp -->
        <test-method signature="verifyContactsLinkTest()[pri:3, instance:com.crm.qa.testcases.HomePageTest@514646ef]" started-at="2021-01-19T23:43:14 GMT-05:00" name="verifyContactsLinkTest" finished-at="2021-01-19T23:43:18 GMT-05:00" duration-ms="4022" status="PASS">
          <reporter-output>
          </reporter-output>
        </test-method> <!-- verifyContactsLinkTest -->
        <test-method is-config="true" signature="tearDown()[pri:0, instance:com.crm.qa.testcases.HomePageTest@514646ef]" started-at="2021-01-19T23:43:18 GMT-05:00" name="tearDown" finished-at="2021-01-19T23:43:20 GMT-05:00" duration-ms="1931" status="PASS">
          <reporter-output>
          </reporter-output>
        </test-method> <!-- tearDown -->
      </class> <!-- com.crm.qa.testcases.HomePageTest -->
      <class name="com.crm.qa.testcases.ContactsPageTest">
        <test-method is-config="true" signature="setUp()[pri:0, instance:com.crm.qa.testcases.ContactsPageTest@73eb439a]" started-at="2021-01-19T23:40:40 GMT-05:00" name="setUp" finished-at="2021-01-19T23:40:55 GMT-05:00" duration-ms="15619" status="PASS">
          <reporter-output>
          </reporter-output>
        </test-method> <!-- setUp -->
        <test-method signature="verifyContactsLabelTest()[pri:1, instance:com.crm.qa.testcases.ContactsPageTest@73eb439a]" started-at="2021-01-19T23:40:55 GMT-05:00" name="verifyContactsLabelTest" finished-at="2021-01-19T23:40:55 GMT-05:00" duration-ms="57" status="PASS">
          <reporter-output>
          </reporter-output>
        </test-method> <!-- verifyContactsLabelTest -->
        <test-method is-config="true" signature="tearDown()[pri:0, instance:com.crm.qa.testcases.ContactsPageTest@73eb439a]" started-at="2021-01-19T23:40:55 GMT-05:00" name="tearDown" finished-at="2021-01-19T23:40:58 GMT-05:00" duration-ms="2958" status="PASS">
          <reporter-output>
          </reporter-output>
        </test-method> <!-- tearDown -->
        <test-method is-config="true" signature="setUp()[pri:0, instance:com.crm.qa.testcases.ContactsPageTest@73eb439a]" started-at="2021-01-19T23:40:58 GMT-05:00" name="setUp" finished-at="2021-01-19T23:41:15 GMT-05:00" duration-ms="16811" status="PASS">
          <reporter-output>
          </reporter-output>
        </test-method> <!-- setUp -->
        <test-method signature="selectSingleContactsTest()[pri:2, instance:com.crm.qa.testcases.ContactsPageTest@73eb439a]" started-at="2021-01-19T23:41:15 GMT-05:00" name="selectSingleContactsTest" finished-at="2021-01-19T23:41:15 GMT-05:00" duration-ms="222" status="PASS">
          <reporter-output>
          </reporter-output>
        </test-method> <!-- selectSingleContactsTest -->
        <test-method is-config="true" signature="tearDown()[pri:0, instance:com.crm.qa.testcases.ContactsPageTest@73eb439a]" started-at="2021-01-19T23:41:15 GMT-05:00" name="tearDown" finished-at="2021-01-19T23:41:17 GMT-05:00" duration-ms="1861" status="PASS">
          <reporter-output>
          </reporter-output>
        </test-method> <!-- tearDown -->
        <test-method is-config="true" signature="setUp()[pri:0, instance:com.crm.qa.testcases.ContactsPageTest@73eb439a]" started-at="2021-01-19T23:41:17 GMT-05:00" name="setUp" finished-at="2021-01-19T23:41:32 GMT-05:00" duration-ms="14400" status="PASS">
          <reporter-output>
          </reporter-output>
        </test-method> <!-- setUp -->
        <test-method signature="selectMultipleContactsTest()[pri:3, instance:com.crm.qa.testcases.ContactsPageTest@73eb439a]" started-at="2021-01-19T23:41:32 GMT-05:00" name="selectMultipleContactsTest" finished-at="2021-01-19T23:41:32 GMT-05:00" duration-ms="450" status="PASS">
          <reporter-output>
          </reporter-output>
        </test-method> <!-- selectMultipleContactsTest -->
        <test-method is-config="true" signature="tearDown()[pri:0, instance:com.crm.qa.testcases.ContactsPageTest@73eb439a]" started-at="2021-01-19T23:41:32 GMT-05:00" name="tearDown" finished-at="2021-01-19T23:41:34 GMT-05:00" duration-ms="1668" status="PASS">
          <reporter-output>
          </reporter-output>
        </test-method> <!-- tearDown -->
        <test-method is-config="true" signature="setUp()[pri:0, instance:com.crm.qa.testcases.ContactsPageTest@73eb439a]" started-at="2021-01-19T23:41:35 GMT-05:00" name="setUp" finished-at="2021-01-19T23:41:50 GMT-05:00" duration-ms="14767" status="PASS">
          <reporter-output>
          </reporter-output>
        </test-method> <!-- setUp -->
        <test-method signature="validateCreateNewContact(java.lang.String, java.lang.String, java.lang.String, java.lang.String)[pri:4, instance:com.crm.qa.testcases.ContactsPageTest@73eb439a]" started-at="2021-01-19T23:41:50 GMT-05:00" name="validateCreateNewContact" data-provider="getCRMTestData" finished-at="2021-01-19T23:41:53 GMT-05:00" duration-ms="3520" status="PASS">
          <params>
            <param index="0">
              <value>
                <![CDATA[Mr.]]>
              </value>
            </param>
            <param index="1">
              <value>
                <![CDATA[Tom]]>
              </value>
            </param>
            <param index="2">
              <value>
                <![CDATA[Peter]]>
              </value>
            </param>
            <param index="3">
              <value>
                <![CDATA[Google]]>
              </value>
            </param>
          </params>
          <reporter-output>
          </reporter-output>
        </test-method> <!-- validateCreateNewContact -->
        <test-method is-config="true" signature="tearDown()[pri:0, instance:com.crm.qa.testcases.ContactsPageTest@73eb439a]" started-at="2021-01-19T23:41:53 GMT-05:00" name="tearDown" finished-at="2021-01-19T23:41:55 GMT-05:00" duration-ms="1777" status="PASS">
          <reporter-output>
          </reporter-output>
        </test-method> <!-- tearDown -->
        <test-method is-config="true" signature="setUp()[pri:0, instance:com.crm.qa.testcases.ContactsPageTest@73eb439a]" started-at="2021-01-19T23:41:55 GMT-05:00" name="setUp" finished-at="2021-01-19T23:42:09 GMT-05:00" duration-ms="14304" status="PASS">
          <reporter-output>
          </reporter-output>
        </test-method> <!-- setUp -->
        <test-method signature="validateCreateNewContact(java.lang.String, java.lang.String, java.lang.String, java.lang.String)[pri:4, instance:com.crm.qa.testcases.ContactsPageTest@73eb439a]" started-at="2021-01-19T23:42:09 GMT-05:00" name="validateCreateNewContact" data-provider="getCRMTestData" finished-at="2021-01-19T23:42:12 GMT-05:00" duration-ms="2925" status="PASS">
          <params>
            <param index="0">
              <value>
                <![CDATA[Dr.]]>
              </value>
            </param>
            <param index="1">
              <value>
                <![CDATA[David]]>
              </value>
            </param>
            <param index="2">
              <value>
                <![CDATA[Chris]]>
              </value>
            </param>
            <param index="3">
              <value>
                <![CDATA[Amazon]]>
              </value>
            </param>
          </params>
          <reporter-output>
          </reporter-output>
        </test-method> <!-- validateCreateNewContact -->
        <test-method is-config="true" signature="tearDown()[pri:0, instance:com.crm.qa.testcases.ContactsPageTest@73eb439a]" started-at="2021-01-19T23:42:12 GMT-05:00" name="tearDown" finished-at="2021-01-19T23:42:14 GMT-05:00" duration-ms="1773" status="PASS">
          <reporter-output>
          </reporter-output>
        </test-method> <!-- tearDown -->
        <test-method is-config="true" signature="setUp()[pri:0, instance:com.crm.qa.testcases.ContactsPageTest@73eb439a]" started-at="2021-01-19T23:42:14 GMT-05:00" name="setUp" finished-at="2021-01-19T23:42:30 GMT-05:00" duration-ms="16151" status="PASS">
          <reporter-output>
          </reporter-output>
        </test-method> <!-- setUp -->
        <test-method signature="validateCreateNewContact(java.lang.String, java.lang.String, java.lang.String, java.lang.String)[pri:4, instance:com.crm.qa.testcases.ContactsPageTest@73eb439a]" started-at="2021-01-19T23:42:30 GMT-05:00" name="validateCreateNewContact" data-provider="getCRMTestData" finished-at="2021-01-19T23:42:33 GMT-05:00" duration-ms="3011" status="PASS">
          <params>
            <param index="0">
              <value>
                <![CDATA[Mrs.]]>
              </value>
            </param>
            <param index="1">
              <value>
                <![CDATA[Mukta ]]>
              </value>
            </param>
            <param index="2">
              <value>
                <![CDATA[Sharma]]>
              </value>
            </param>
            <param index="3">
              <value>
                <![CDATA[Ebay]]>
              </value>
            </param>
          </params>
          <reporter-output>
          </reporter-output>
        </test-method> <!-- validateCreateNewContact -->
        <test-method is-config="true" signature="tearDown()[pri:0, instance:com.crm.qa.testcases.ContactsPageTest@73eb439a]" started-at="2021-01-19T23:42:33 GMT-05:00" name="tearDown" finished-at="2021-01-19T23:42:35 GMT-05:00" duration-ms="1722" status="PASS">
          <reporter-output>
          </reporter-output>
        </test-method> <!-- tearDown -->
      </class> <!-- com.crm.qa.testcases.ContactsPageTest -->
      <class name="com.crm.qa.testcases.LoginPageTest">
        <test-method is-config="true" signature="setup()[pri:0, instance:com.crm.qa.testcases.LoginPageTest@19932c16]" started-at="2021-01-19T23:40:00 GMT-05:00" name="setup" finished-at="2021-01-19T23:40:11 GMT-05:00" duration-ms="11914" status="PASS">
          <reporter-output>
          </reporter-output>
        </test-method> <!-- setup -->
        <test-method signature="loginPageTitleTest()[pri:1, instance:com.crm.qa.testcases.LoginPageTest@19932c16]" started-at="2021-01-19T23:40:11 GMT-05:00" name="loginPageTitleTest" finished-at="2021-01-19T23:40:11 GMT-05:00" duration-ms="42" status="PASS">
          <reporter-output>
          </reporter-output>
        </test-method> <!-- loginPageTitleTest -->
        <test-method is-config="true" signature="tearDown()[pri:0, instance:com.crm.qa.testcases.LoginPageTest@19932c16]" started-at="2021-01-19T23:40:11 GMT-05:00" name="tearDown" finished-at="2021-01-19T23:40:14 GMT-05:00" duration-ms="2389" status="PASS">
          <reporter-output>
          </reporter-output>
        </test-method> <!-- tearDown -->
        <test-method is-config="true" signature="setup()[pri:0, instance:com.crm.qa.testcases.LoginPageTest@19932c16]" started-at="2021-01-19T23:40:14 GMT-05:00" name="setup" finished-at="2021-01-19T23:40:25 GMT-05:00" duration-ms="11543" status="PASS">
          <reporter-output>
          </reporter-output>
        </test-method> <!-- setup -->
        <test-method signature="crmLogoTest()[pri:2, instance:com.crm.qa.testcases.LoginPageTest@19932c16]" started-at="2021-01-19T23:40:25 GMT-05:00" name="crmLogoTest" finished-at="2021-01-19T23:40:26 GMT-05:00" duration-ms="490" status="PASS">
          <reporter-output>
          </reporter-output>
        </test-method> <!-- crmLogoTest -->
        <test-method is-config="true" signature="tearDown()[pri:0, instance:com.crm.qa.testcases.LoginPageTest@19932c16]" started-at="2021-01-19T23:40:26 GMT-05:00" name="tearDown" finished-at="2021-01-19T23:40:29 GMT-05:00" duration-ms="2721" status="PASS">
          <reporter-output>
          </reporter-output>
        </test-method> <!-- tearDown -->
        <test-method is-config="true" signature="setup()[pri:0, instance:com.crm.qa.testcases.LoginPageTest@19932c16]" started-at="2021-01-19T23:40:29 GMT-05:00" name="setup" finished-at="2021-01-19T23:40:37 GMT-05:00" duration-ms="8386" status="PASS">
          <reporter-output>
          </reporter-output>
        </test-method> <!-- setup -->
        <test-method signature="loginTest()[pri:3, instance:com.crm.qa.testcases.LoginPageTest@19932c16]" started-at="2021-01-19T23:40:37 GMT-05:00" name="loginTest" finished-at="2021-01-19T23:40:38 GMT-05:00" duration-ms="625" status="PASS">
          <reporter-output>
          </reporter-output>
        </test-method> <!-- loginTest -->
        <test-method is-config="true" signature="tearDown()[pri:0, instance:com.crm.qa.testcases.LoginPageTest@19932c16]" started-at="2021-01-19T23:40:38 GMT-05:00" name="tearDown" finished-at="2021-01-19T23:40:40 GMT-05:00" duration-ms="2152" status="PASS">
          <reporter-output>
          </reporter-output>
        </test-method> <!-- tearDown -->
      </class> <!-- com.crm.qa.testcases.LoginPageTest -->
    </test> <!-- Test -->
  </suite> <!-- Free CRM Practice Test Suite -->
</testng-results>
